2016/08/05 17:21:35 にビルドを開始しました。
     1>ノード 2 上のプロジェクト "C:\Users\student\Desktop\1401349澁谷\repo_test\ActionGame\ActionGame\ActionGame.vcxproj" (Build ターゲット)。
     1>ClCompile:
         C:\Program Files (x86)\Microsoft Visual Studio 12.0\VC\bin\CL.exe /c /IDxlib /ZI /nologo /W3 /WX- /Od /Oy- /D WIN32 /D _DEBUG /D _WINDOWS /D _MBCS /Gm /EHsc /RTC1 /MTd /GS /fp:precise /Zc:wchar_t /Zc:forScope /Fo"Debug\\" /Fd"Debug\vc120.pdb" /Gd /TP /analyze- /errorReport:prompt Player.cpp
         Player.cpp
     1>c:\users\student\desktop\1401349澁谷\repo_test\actiongame\actiongame\geometry.h(63): warning C4244: 'return' : 'float' から 'int' への変換です。データが失われる可能性があります。
     1>c:\users\student\desktop\1401349澁谷\repo_test\actiongame\actiongame\geometry.h(64): warning C4244: 'return' : 'float' から 'int' への変換です。データが失われる可能性があります。
     1>c:\users\student\desktop\1401349澁谷\repo_test\actiongame\actiongame\geometry.h(65): warning C4244: 'return' : 'float' から 'int' への変換です。データが失われる可能性があります。
     1>c:\users\student\desktop\1401349澁谷\repo_test\actiongame\actiongame\geometry.h(66): warning C4244: 'return' : 'float' から 'int' への変換です。データが失われる可能性があります。
     1>c:\users\student\desktop\1401349澁谷\repo_test\actiongame\actiongame\player.cpp(140): warning C4244: '引数' : 'int' から 'float' への変換です。データが失われる可能性があります。
     1>c:\users\student\desktop\1401349澁谷\repo_test\actiongame\actiongame\player.cpp(147): warning C4244: '=' : 'float' から 'int' への変換です。データが失われる可能性があります。
     1>c:\users\student\desktop\1401349澁谷\repo_test\actiongame\actiongame\player.cpp(257): warning C4305: '初期化中' : 'double' から 'float' へ切り詰めます。
     1>c:\users\student\desktop\1401349澁谷\repo_test\actiongame\actiongame\player.cpp(263): warning C4244: '引数' : 'int' から 'float' への変換です。データが失われる可能性があります。
     1>c:\users\student\desktop\1401349澁谷\repo_test\actiongame\actiongame\player.cpp(274): warning C4244: '=' : 'float' から 'int' への変換です。データが失われる可能性があります。
     1>c:\users\student\desktop\1401349澁谷\repo_test\actiongame\actiongame\player.cpp(344): warning C4244: '=' : 'double' から 'float' への変換です。データが失われる可能性があります。
     1>c:\users\student\desktop\1401349澁谷\repo_test\actiongame\actiongame\player.cpp(598): warning C4244: '=' : 'double' から 'float' への変換です。データが失われる可能性があります。
     1>c:\users\student\desktop\1401349澁谷\repo_test\actiongame\actiongame\player.cpp(731): warning C4800: 'char' : ブール値を 'true' または 'false' に強制的に設定します (警告の処理)
     1>c:\users\student\desktop\1401349澁谷\repo_test\actiongame\actiongame\player.cpp(732): warning C4800: 'char' : ブール値を 'true' または 'false' に強制的に設定します (警告の処理)
     1>c:\users\student\desktop\1401349澁谷\repo_test\actiongame\actiongame\player.cpp(757): warning C4018: '>' : signed と unsigned の数値を比較しようとしました。
     1>c:\users\student\desktop\1401349澁谷\repo_test\actiongame\actiongame\player.cpp(776): warning C4244: '引数' : 'float' から 'int' への変換です。データが失われる可能性があります。
     1>c:\users\student\desktop\1401349澁谷\repo_test\actiongame\actiongame\player.cpp(781): warning C4244: '引数' : 'float' から 'int' への変換です。データが失われる可能性があります。
     1>c:\users\student\desktop\1401349澁谷\repo_test\actiongame\actiongame\player.cpp(786): warning C4244: '引数' : 'float' から 'int' への変換です。データが失われる可能性があります。
     1>c:\users\student\desktop\1401349澁谷\repo_test\actiongame\actiongame\player.cpp(792): warning C4244: '引数' : 'float' から 'int' への変換です。データが失われる可能性があります。
     1>c:\users\student\desktop\1401349澁谷\repo_test\actiongame\actiongame\player.cpp(797): warning C4244: '引数' : 'float' から 'int' への変換です。データが失われる可能性があります。
     1>c:\users\student\desktop\1401349澁谷\repo_test\actiongame\actiongame\player.cpp(802): warning C4244: '引数' : 'float' から 'int' への変換です。データが失われる可能性があります。
     1>c:\users\student\desktop\1401349澁谷\repo_test\actiongame\actiongame\player.cpp(810): warning C4244: '引数' : 'float' から 'int' への変換です。データが失われる可能性があります。
     1>c:\users\student\desktop\1401349澁谷\repo_test\actiongame\actiongame\player.cpp(815): warning C4244: '引数' : 'float' から 'int' への変換です。データが失われる可能性があります。
     1>c:\users\student\desktop\1401349澁谷\repo_test\actiongame\actiongame\player.cpp(820): warning C4244: '引数' : 'float' から 'int' への変換です。データが失われる可能性があります。
     1>c:\users\student\desktop\1401349澁谷\repo_test\actiongame\actiongame\player.cpp(825): warning C4244: '引数' : 'float' から 'int' への変換です。データが失われる可能性があります。
     1>c:\users\student\desktop\1401349澁谷\repo_test\actiongame\actiongame\player.cpp(830): warning C4244: '引数' : 'float' から 'int' への変換です。データが失われる可能性があります。
     1>c:\users\student\desktop\1401349澁谷\repo_test\actiongame\actiongame\player.cpp(835): warning C4244: '引数' : 'float' から 'int' への変換です。データが失われる可能性があります。
     1>c:\users\student\desktop\1401349澁谷\repo_test\actiongame\actiongame\player.cpp(856): warning C4244: '引数' : 'float' から 'int' への変換です。データが失われる可能性があります。
     1>c:\users\student\desktop\1401349澁谷\repo_test\actiongame\actiongame\player.cpp(907): warning C4244: '引数' : 'int' から 'float' への変換です。データが失われる可能性があります。
       Link:
         C:\Program Files (x86)\Microsoft Visual Studio 12.0\VC\bin\link.exe /ERRORREPORT:PROMPT /OUT:"C:\Users\student\Desktop\1401349澁谷\repo_test\ActionGame\Debug\ActionGame.exe" /INCREMENTAL /NOLOGO /LIBPATH:Dxlib kernel32.lib user32.lib gdi32.lib winspool.lib comdlg32.lib advapi32.lib shell32.lib ole32.lib oleaut32.lib uuid.lib odbc32.lib odbccp32.lib /MANIFEST /MANIFESTUAC:"level='asInvoker' uiAccess='false'" /manifest:embed /DEBUG /PDB:"C:\Users\student\Desktop\1401349澁谷\repo_test\ActionGame\Debug\ActionGame.pdb" /SUBSYSTEM:WINDOWS /TLBID:1 /DYNAMICBASE /NXCOMPAT /IMPLIB:"C:\Users\student\Desktop\1401349澁谷\repo_test\ActionGame\Debug\ActionGame.lib" /MACHINE:X86 Debug\BatMan.obj
         Debug\Block.obj
         Debug\BlockFactory.obj
         Debug\Camera.obj
         Debug\Collider.obj
         Debug\CollisionDetector.obj
         Debug\Effect.obj
         Debug\EffectFactory.obj
         Debug\Enemy.obj
         Debug\EnemyBullet.obj
         Debug\EnemyBulletFactory.obj
         Debug\EnemyFactory.obj
         Debug\FragmentDrawer.obj
         Debug\GameMain.obj
         Debug\GameObject.obj
         Debug\Geometry.obj
         Debug\GrabMan.obj
         Debug\KnifeMan.obj
         Debug\main.obj
         Debug\MovableBlock.obj
         Debug\NormalBlock.obj
         Debug\Player.obj
         Debug\PlayingScene.obj
         Debug\Scene.obj
         Debug\SlantingBlock.obj
         Debug\Stage.obj
         Debug\TitleScene.obj
         Debug\VMovableBlock.obj
            ライブラリ C:\Users\student\Desktop\1401349澁谷\repo_test\ActionGame\Debug\ActionGame.lib とオブジェクト C:\Users\student\Desktop\1401349澁谷\repo_test\ActionGame\Debug\ActionGame.exp を作成中
     1>Stage.obj : warning LNK4099: PDB 'vc120.pdb' が 'Stage.obj' で、または 'C:\Users\student\Desktop\1401349澁谷\repo_test\ActionGame\Debug\vc120.pdb' に見つかりません。デバッグ情報がないものとして、オブジェクトにリンクします。
     1>SlantingBlock.obj : warning LNK4099: PDB 'vc120.pdb' が 'SlantingBlock.obj' で、または 'C:\Users\student\Desktop\1401349澁谷\repo_test\ActionGame\Debug\vc120.pdb' に見つかりません。デバッグ情報がないものとして、オブジェクトにリンクします。
     1>Scene.obj : warning LNK4099: PDB 'vc120.pdb' が 'Scene.obj' で、または 'C:\Users\student\Desktop\1401349澁谷\repo_test\ActionGame\Debug\vc120.pdb' に見つかりません。デバッグ情報がないものとして、オブジェクトにリンクします。
     1>NormalBlock.obj : warning LNK4099: PDB 'vc120.pdb' が 'NormalBlock.obj' で、または 'C:\Users\student\Desktop\1401349澁谷\repo_test\ActionGame\Debug\vc120.pdb' に見つかりません。デバッグ情報がないものとして、オブジェクトにリンクします。
     1>main.obj : warning LNK4099: PDB 'vc120.pdb' が 'main.obj' で、または 'C:\Users\student\Desktop\1401349澁谷\repo_test\ActionGame\Debug\vc120.pdb' に見つかりません。デバッグ情報がないものとして、オブジェクトにリンクします。
     1>Geometry.obj : warning LNK4099: PDB 'vc120.pdb' が 'Geometry.obj' で、または 'C:\Users\student\Desktop\1401349澁谷\repo_test\ActionGame\Debug\vc120.pdb' に見つかりません。デバッグ情報がないものとして、オブジェクトにリンクします。
     1>GameObject.obj : warning LNK4099: PDB 'vc120.pdb' が 'GameObject.obj' で、または 'C:\Users\student\Desktop\1401349澁谷\repo_test\ActionGame\Debug\vc120.pdb' に見つかりません。デバッグ情報がないものとして、オブジェクトにリンクします。
     1>EnemyBulletFactory.obj : warning LNK4099: PDB 'vc120.pdb' が 'EnemyBulletFactory.obj' で、または 'C:\Users\student\Desktop\1401349澁谷\repo_test\ActionGame\Debug\vc120.pdb' に見つかりません。デバッグ情報がないものとして、オブジェクトにリンクします。
     1>Enemy.obj : warning LNK4099: PDB 'vc120.pdb' が 'Enemy.obj' で、または 'C:\Users\student\Desktop\1401349澁谷\repo_test\ActionGame\Debug\vc120.pdb' に見つかりません。デバッグ情報がないものとして、オブジェクトにリンクします。
     1>EffectFactory.obj : warning LNK4099: PDB 'vc120.pdb' が 'EffectFactory.obj' で、または 'C:\Users\student\Desktop\1401349澁谷\repo_test\ActionGame\Debug\vc120.pdb' に見つかりません。デバッグ情報がないものとして、オブジェクトにリンクします。
     1>Effect.obj : warning LNK4099: PDB 'vc120.pdb' が 'Effect.obj' で、または 'C:\Users\student\Desktop\1401349澁谷\repo_test\ActionGame\Debug\vc120.pdb' に見つかりません。デバッグ情報がないものとして、オブジェクトにリンクします。
     1>CollisionDetector.obj : warning LNK4099: PDB 'vc120.pdb' が 'CollisionDetector.obj' で、または 'C:\Users\student\Desktop\1401349澁谷\repo_test\ActionGame\Debug\vc120.pdb' に見つかりません。デバッグ情報がないものとして、オブジェクトにリンクします。
     1>Collider.obj : warning LNK4099: PDB 'vc120.pdb' が 'Collider.obj' で、または 'C:\Users\student\Desktop\1401349澁谷\repo_test\ActionGame\Debug\vc120.pdb' に見つかりません。デバッグ情報がないものとして、オブジェクトにリンクします。
     1>Block.obj : warning LNK4099: PDB 'vc120.pdb' が 'Block.obj' で、または 'C:\Users\student\Desktop\1401349澁谷\repo_test\ActionGame\Debug\vc120.pdb' に見つかりません。デバッグ情報がないものとして、オブジェクトにリンクします。
         ActionGame.vcxproj -> C:\Users\student\Desktop\1401349澁谷\repo_test\ActionGame\Debug\ActionGame.exe
     1>プロジェクト "C:\Users\student\Desktop\1401349澁谷\repo_test\ActionGame\ActionGame\ActionGame.vcxproj" (Build ターゲット) のビルドが完了しました。

ビルドに成功しました。

経過時間 00:00:01.69
